<?xml version="1.0" encoding="UTF-8"?>
<!-- Generated by org.testng.reporters.JUnitReportReporter -->
<testsuite hostname="DESKTOP-LCSEJB7" failures="0" tests="1" name="com.trello.me.TrelloLoginLogout" time="11.720" errors="0" timestamp="2022-07-01T11:20:52 IST" skipped="0">
  <testcase classname="com.trello.me.TrelloLoginLogout" name="actionClassActions" time="11.720"/>
  <system-out/>
</testsuite> <!-- com.trello.me.TrelloLoginLogout -->
