<?xml version="1.0" encoding="UTF-8"?>
<!-- Generated by org.testng.reporters.JUnitReportReporter -->
<testsuite hostname="DESKTOP-LCSEJB7" failures="0" tests="3" name="com.trello.me.ActionClassPractice" time="21.343" errors="0" timestamp="2022-07-12T11:33:37 IST" skipped="2">
  <testcase classname="com.trello.me.ActionClassPractice" name="dragAndDrop" time="21.343"/>
  <system-out/>
  <testcase classname="com.trello.me.ActionClassPractice" name="doubleClick">
    <skipped/>
  </testcase> <!-- doubleClick -->
  <system-out/>
  <testcase classname="com.trello.me.ActionClassPractice" name="contextClickActions">
    <skipped/>
  </testcase> <!-- contextClickActions -->
  <system-out/>
</testsuite> <!-- com.trello.me.ActionClassPractice -->
